Determining if the pthread_create exist failed with the following output:
Change Dir: /home/jimmy/carto_ws/build_isolated/cartographer_ros/CMakeFiles/CMakeTmp

Run Build Command:"/usr/bin/ninja" "cmTryCompileExec1973213003"
[1/2] Building C object CMakeFiles/cmTryCompileExec1973213003.dir/CheckSymbolExists.c.o
[2/2] Linking C executable cmTryCompileExec1973213003
FAILED: : && /usr/bin/cc     CMakeFiles/cmTryCompileExec1973213003.dir/CheckSymbolExists.c.o  -o cmTryCompileExec1973213003  -rdynamic && :
CMakeFiles/cmTryCompileExec1973213003.dir/CheckSymbolExists.c.o：在函数‘main’中：
CheckSymbolExists.c:(.text+0x16)：对‘pthread_create’未定义的引用
collect2: error: ld returned 1 exit status
ninja: build stopped: subcommand failed.

File /home/jimmy/carto_ws/build_isolated/cartographer_ros/CMakeFiles/CMakeTmp/CheckSymbolExists.c:
/* */
#include <pthread.h>

int main(int argc, char** argv)
{
  (void)argv;
#ifndef pthread_create
  return ((int*)(&pthread_create))[argc];
#else
  (void)argc;
  return 0;
#endif
}

Determining if the function pthread_create exists in the pthreads failed with the following output:
Change Dir: /home/jimmy/carto_ws/build_isolated/cartographer_ros/CMakeFiles/CMakeTmp

Run Build Command:"/usr/bin/ninja" "cmTryCompileExec3178148817"
[1/2] Building C object CMakeFiles/cmTryCompileExec3178148817.dir/CheckFunctionExists.c.o
[2/2] Linking C executable cmTryCompileExec3178148817
FAILED: : && /usr/bin/cc  -DCHECK_FUNCTION_EXISTS=pthread_create   CMakeFiles/cmTryCompileExec3178148817.dir/CheckFunctionExists.c.o  -o cmTryCompileExec3178148817  -rdynamic -lpthreads && :
/usr/bin/ld: 找不到 -lpthreads
collect2: error: ld returned 1 exit status
ninja: build stopped: subcommand failed.


